<?xml version="1.0" encoding="UTF-8"?>
<testng-results skipped="0" failed="0" total="1" passed="1">
  <reporter-output>
  </reporter-output>
  <suite name="Default suite" duration-ms="5504" started-at="2019-03-16T15:21:34Z" finished-at="2019-03-16T15:21:39Z">
    <groups>
    </groups>
    <test name="Default test" duration-ms="5504" started-at="2019-03-16T15:21:34Z" finished-at="2019-03-16T15:21:39Z">
      <class name="selenium_api.Topic_01_CheckEnvironment">
        <test-method status="PASS" signature="beforeClass()[pri:0, instance:selenium_api.Topic_01_CheckEnvironment@2eee9593]" name="beforeClass" is-config="true" duration-ms="5380" started-at="2019-03-16T22:21:34Z" finished-at="2019-03-16T22:21:39Z">
          <reporter-output>
          </reporter-output>
        </test-method> <!-- beforeClass -->
        <test-method status="PASS" signature="TC_01_CheckTitle()[pri:0, instance:selenium_api.Topic_01_CheckEnvironment@2eee9593]" name="TC_01_CheckTitle" duration-ms="18" started-at="2019-03-16T22:21:39Z" finished-at="2019-03-16T22:21:39Z">
          <reporter-output>
          </reporter-output>
        </test-method> <!-- TC_01_CheckTitle -->
        <test-method status="PASS" signature="afterClass()[pri:0, instance:selenium_api.Topic_01_CheckEnvironment@2eee9593]" name="afterClass" is-config="true" duration-ms="95" started-at="2019-03-16T22:21:39Z" finished-at="2019-03-16T22:21:39Z">
          <reporter-output>
          </reporter-output>
        </test-method> <!-- afterClass -->
      </class> <!-- selenium_api.Topic_01_CheckEnvironment -->
    </test> <!-- Default test -->
  </suite> <!-- Default suite -->
</testng-results>
